<?xml version="1.0" encoding="UTF-8"?>
<!-- Generated by org.testng.reporters.JUnitReportReporter -->
<testsuite hostname="HarshvadhansMBP" failures="0" tests="3" name="com.ultimateqa.tests.SignUpPageTest" time="62.008" errors="0" timestamp="2023-12-11T22:49:06 EST" skipped="0">
  <testcase classname="com.ultimateqa.tests.SignUpPageTest" name="SignUpPageTestTitle" time="18.939"/>
  <system-out/>
  <testcase classname="com.ultimateqa.tests.SignUpPageTest" name="SignupTest" time="24.536"/>
  <system-out/>
  <testcase classname="com.ultimateqa.tests.SignUpPageTest" name="SignupTest" time="18.533"/>
  <system-out/>
</testsuite> <!-- com.ultimateqa.tests.SignUpPageTest -->
