<?xml version="1.0" encoding="UTF-8"?>
<!-- Generated by org.testng.reporters.JUnitReportReporter -->
<testsuite hostname="HarshvadhansMBP" failures="0" tests="2" name="com.ultimateqa.tests.LoginPageTest" time="32.815" errors="0" timestamp="2023-12-11T22:49:06 EST" skipped="0">
  <testcase classname="com.ultimateqa.tests.LoginPageTest" name="LoginPageTitleTest" time="12.576"/>
  <system-out/>
  <testcase classname="com.ultimateqa.tests.LoginPageTest" name="LoginTest" time="20.239"/>
  <system-out/>
</testsuite> <!-- com.ultimateqa.tests.LoginPageTest -->
